<?xml version="1.0" encoding="UTF-8"?>
<testng-results ignored="0" total="1" passed="1" failed="0" skipped="0">
  <reporter-output>
  </reporter-output>
  <suite started-at="2026-09-14T12:36:49 IST" name="Default suite" finished-at="2026-09-14T12:37:17 IST" duration-ms="28226">
    <groups>
    </groups>
    <test started-at="2026-09-14T12:36:49 IST" name="Default test" finished-at="2026-09-14T12:37:17 IST" duration-ms="28226">
      <class name="exceptionreport.Exception_Runner">
        <test-method signature="exception_runner()[pri:0, instance:exceptionreport.Exception_Runner@5542c4ed]" started-at="2026-09-14T12:36:49 IST" name="exception_runner" finished-at="2026-09-14T12:37:17 IST" duration-ms="28171" status="PASS">
          <reporter-output>
          </reporter-output>
        </test-method> <!-- exception_runner -->
      </class> <!-- exceptionreport.Exception_Runner -->
    </test> <!-- Default test -->
  </suite> <!-- Default suite -->
</testng-results>
