<?xml version="1.0" encoding="UTF-8"?>
<testng-results ignored="0" total="1" passed="1" failed="0" skipped="0">
  <reporter-output>
  </reporter-output>
  <suite started-at="2026-09-13T22:34:19 IST" name="Default suite" finished-at="2026-09-13T22:34:57 IST" duration-ms="37890">
    <groups>
    </groups>
    <test started-at="2026-09-13T22:34:19 IST" name="Default test" finished-at="2026-09-13T22:34:57 IST" duration-ms="37890">
      <class name="exceptionreport.Exception_Runner">
        <test-method signature="exception_runner()[pri:0, instance:exceptionreport.Exception_Runner@815b41f]" started-at="2026-09-13T22:34:20 IST" name="exception_runner" finished-at="2026-09-13T22:34:57 IST" duration-ms="37838" status="PASS">
          <reporter-output>
          </reporter-output>
        </test-method> <!-- exception_runner -->
      </class> <!-- exceptionreport.Exception_Runner -->
    </test> <!-- Default test -->
  </suite> <!-- Default suite -->
</testng-results>
